<?xml version="1.0" encoding="UTF-8"?>
<testng-results ignored="0" total="1" passed="1" failed="0" skipped="0">
  <reporter-output>
  </reporter-output>
  <suite started-at="2023-01-08T11:17:52 IST" name="Default suite" finished-at="2023-01-08T11:18:09 IST" duration-ms="16990">
    <groups>
    </groups>
    <test started-at="2023-01-08T11:17:52 IST" name="Default test" finished-at="2023-01-08T11:18:09 IST" duration-ms="16990">
      <class name="module4assignment.datadrivenloginassign1">
        <test-method is-config="true" signature="beforeMethod()[pri:0, instance:module4assignment.datadrivenloginassign1@47af7f3d]" started-at="2023-01-08T11:17:54 IST" name="beforeMethod" finished-at="2023-01-08T11:18:05 IST" duration-ms="10431" status="PASS">
          <reporter-output>
          </reporter-output>
        </test-method> <!-- beforeMethod -->
        <test-method signature="validatelogin(java.lang.String,java.lang.String)[pri:0, instance:module4assignment.datadrivenloginassign1@47af7f3d]" started-at="2023-01-08T11:18:05 IST" name="validatelogin" data-provider="getDataFromexcel" finished-at="2023-01-08T11:18:09 IST" duration-ms="4103" status="PASS">
          <params>
            <param index="0">
              <value>
                <![CDATA[Admin124]]>
              </value>
            </param>
            <param index="1">
              <value>
                <![CDATA[Admin12]]>
              </value>
            </param>
          </params>
          <reporter-output>
          </reporter-output>
        </test-method> <!-- validatelogin -->
        <test-method is-config="true" signature="Aftermethod()[pri:0, instance:module4assignment.datadrivenloginassign1@47af7f3d]" started-at="2023-01-08T11:18:09 IST" name="Aftermethod" finished-at="2023-01-08T11:18:09 IST" duration-ms="500" status="PASS">
          <reporter-output>
          </reporter-output>
        </test-method> <!-- Aftermethod -->
      </class> <!-- module4assignment.datadrivenloginassign1 -->
    </test> <!-- Default test -->
  </suite> <!-- Default suite -->
</testng-results>
